pool-1-thread-5: interrupted
----------
pool-1-thread-1:1	1
----------
pool-1-thread-2:1	3
----------
pool-1-thread-3:1	4
----------
pool-1-thread-4:1	5
----------
pool-1-thread-5:1	6
----------
pool-1-thread-1:1	1
pool-1-thread-1: interrupted
----------
pool-1-thread-1:1	3
----------
pool-1-thread-1:1	4
----------
pool-1-thread-1:1	5
----------
pool-1-thread-1:1	6
----------
pool-1-thread-1:1	7
----------
pool-1-thread-1:1	8
----------
pool-1-thread-1:1	9
----------
pool-1-thread-1:a	s
----------
pool-1-thread-1:s	d
----------
pool-1-thread-1:d	f
----------
pool-1-thread-1:j	k
----------
pool-1-thread-1:l	z
----------
pool-1-thread-1:t	r
----------
----------
pool-1-thread-3:g	h
pool-1-thread-3: interrupted
----------
pool-1-thread-3:u	io
----------
pool-1-thread-3:p	v
----------
pool-1-thread-2:f	g
pool-1-thread-2: interrupted
pool-1-thread-4:h	j
pool-1-thread-4: interrupted
pool-1-thread-5: interrupted
----------
----------
pool-1-thread-4:1	5
pool-1-thread-4: interrupted
----------
pool-1-thread-4:1	6
----------
pool-1-thread-4:1	7
----------
pool-1-thread-4:1	8
----------
pool-1-thread-4:1	9
----------
pool-1-thread-4:a	s
----------
pool-1-thread-4:s	d
----------
pool-1-thread-4:d	f
----------
pool-1-thread-4:f	g
----------
pool-1-thread-4:g	h
----------
----------
pool-1-thread-3:1	4
pool-1-thread-3: interrupted
----------
pool-1-thread-3:j	k
----------
pool-1-thread-3:l	z
----------
pool-1-thread-3:t	r
----------
pool-1-thread-3:u	io
----------
pool-1-thread-3:p	v
----------
pool-1-thread-2:1	3
pool-1-thread-2: interrupted
pool-1-thread-4:h	j
pool-1-thread-1:1	1
pool-1-thread-1: interrupted
pool-1-thread-5: interrupted
----------
pool-1-thread-1:1	1
----------
pool-1-thread-1:1	6
----------
pool-1-thread-1:1	7
----------
pool-1-thread-1:1	8
----------
pool-1-thread-1:1	9
----------
pool-1-thread-1:a	s
----------
pool-1-thread-1:s	d
----------
----------
----------
pool-1-thread-2:1	3
----------
pool-1-thread-2:f	g
----------
pool-1-thread-2:g	h
----------
pool-1-thread-2:h	j
----------
pool-1-thread-2:j	k
----------
pool-1-thread-2:l	z
----------
pool-1-thread-2:t	r
----------
pool-1-thread-2:u	io
----------
pool-1-thread-2:p	v
----------
pool-1-thread-3:1	4
pool-1-thread-4:1	5
pool-1-thread-1:d	f
pool-1-thread-1:1	1
pool-1-thread-1:1	6
pool-1-thread-1:1	7
pool-1-thread-1:1	8
pool-1-thread-1:1	9
pool-1-thread-1:a	s
pool-1-thread-1:s	d
pool-1-thread-1:d	f
pool-1-thread-1:f	g
pool-1-thread-1:g	h
pool-1-thread-1:h	j
pool-1-thread-1:j	k
pool-1-thread-1:l	z
pool-1-thread-1:t	r
pool-1-thread-1:u	io
pool-1-thread-1:p	v
pool-1-thread-4:1	5
pool-1-thread-3:1	4
pool-1-thread-2:1	3
pool-1-thread-1:1	1
pool-1-thread-1:1	6
pool-1-thread-1:1	7
pool-1-thread-1:1	8
pool-1-thread-1:1	9
pool-1-thread-1:a	s
pool-1-thread-1:s	d
pool-1-thread-1:d	f
pool-1-thread-4:1	5
pool-1-thread-4:g	h
pool-1-thread-4:h	j
pool-1-thread-4:j	k
pool-1-thread-4:l	z
pool-1-thread-4:t	r
pool-1-thread-4:u	io
pool-1-thread-4:p	v
pool-1-thread-3:1	4
pool-1-thread-2:1	3
pool-1-thread-1:f	g
pool-1-thread-1:1	1
pool-1-thread-1: interrupted
pool-1-thread-1:1	6
pool-1-thread-1:1	7
pool-1-thread-1:1	8
pool-1-thread-1:1	9
pool-1-thread-1:a	s
pool-1-thread-1:s	d
pool-1-thread-4:1	5
pool-1-thread-2:1	3
pool-1-thread-2: interrupted
pool-1-thread-2:d	f
pool-1-thread-2:f	g
pool-1-thread-2:g	h
pool-1-thread-2:h	j
pool-1-thread-2:j	k
pool-1-thread-2:l	z
pool-1-thread-2:t	r
pool-1-thread-2:u	io
pool-1-thread-2:p	v
pool-1-thread-3:1	4
pool-1-thread-3: interrupted
pool-1-thread-4: interrupted
pool-1-thread-5: interrupted
pool-1-thread-1:1	1
pool-1-thread-1:1	5
pool-1-thread-1:1	6
pool-1-thread-1:1	7
pool-1-thread-1:1	8
pool-1-thread-1:1	9
pool-1-thread-1:a	s
pool-1-thread-1:s	d
pool-1-thread-1:d	f
pool-1-thread-1:f	g
pool-1-thread-1:g	h
pool-1-thread-1:h	j
pool-1-thread-3:1	4
pool-1-thread-3:l	z
pool-1-thread-3:t	r
pool-1-thread-3:u	io
pool-1-thread-3:p	v
pool-1-thread-2:1	3
pool-1-thread-1:j	k
pool-1-thread-1:1	1
pool-1-thread-1:1	6
pool-1-thread-1:1	7
pool-1-thread-1:1	8
pool-1-thread-1:1	9
pool-1-thread-1:a	s
pool-1-thread-4:1	5
pool-1-thread-3:1	4
pool-1-thread-3:s	d
pool-1-thread-3:d	f
pool-1-thread-3:f	g
pool-1-thread-3:g	h
pool-1-thread-3:h	j
pool-1-thread-3:j	k
pool-1-thread-3:l	z
pool-1-thread-3:t	r
pool-1-thread-3:u	io
pool-1-thread-3:p	v
pool-1-thread-2:1	3
pool-1-thread-1:1	1
pool-1-thread-2:1	3
pool-1-thread-3:1	4
pool-1-thread-4:1	5
pool-1-thread-4:1	7
pool-1-thread-1:1	6
pool-1-thread-3:1	8
pool-1-thread-4:1	9
pool-1-thread-4:s	d
pool-1-thread-1:a	s
pool-1-thread-3:d	f
pool-1-thread-4:f	g
pool-1-thread-4:h	j
pool-1-thread-1:g	h
pool-1-thread-3:j	k
pool-1-thread-4:l	z
pool-1-thread-4:u	io
pool-1-thread-1:t	r
pool-1-thread-3:p	v
pool-1-thread-1:1	1
pool-1-thread-1:1	7
pool-1-thread-1:1	8
pool-1-thread-1:1	9
pool-1-thread-1:a	s
pool-1-thread-4:1	5
pool-1-thread-4:s	d
pool-1-thread-4:d	f
pool-1-thread-4:f	g
pool-1-thread-4:g	h
pool-1-thread-4:h	j
pool-1-thread-4:j	k
pool-1-thread-4:l	z
pool-1-thread-4:t	r
pool-1-thread-4:u	io
pool-1-thread-4:p	v
pool-1-thread-2:1	3
pool-1-thread-3:1	4
pool-1-thread-5:1	6
pool-1-thread-1:1	1
pool-1-thread-1:1	3
pool-1-thread-1:1	4
pool-1-thread-1:1	5
pool-1-thread-1:1	6
pool-1-thread-1:1	7
pool-1-thread-1:1	8
pool-1-thread-1:1	9
pool-1-thread-1:a	s
pool-1-thread-1:s	d
pool-1-thread-1:f	g
pool-1-thread-1:g	h
pool-1-thread-1:h	j
pool-1-thread-1:j	k
pool-1-thread-2:d	f
pool-1-thread-2:t	r
pool-1-thread-2:u	io
pool-1-thread-2:p	v
pool-1-thread-1:l	z
pool-1-thread-1:1	1
pool-1-thread-3:1	4
pool-1-thread-3:1	5
pool-1-thread-3:1	6
pool-1-thread-3:1	7
pool-1-thread-3:1	8
pool-1-thread-3:1	9
pool-1-thread-3:a	s
pool-1-thread-3:s	d
pool-1-thread-3:d	f
pool-1-thread-3:f	g
pool-1-thread-3:g	h
pool-1-thread-3:h	j
pool-1-thread-3:j	k
pool-1-thread-3:l	z
pool-1-thread-3:t	r
pool-1-thread-3:u	io
pool-1-thread-3:p	v
pool-1-thread-2:1	3
pool-1-thread-1:1	1
pool-1-thread-1:1	6
pool-1-thread-1:1	7
pool-1-thread-1:1	8
pool-1-thread-1:1	9
pool-1-thread-1:a	s
pool-1-thread-1:s	d
pool-1-thread-1:d	f
pool-1-thread-1:f	g
pool-1-thread-1:g	h
pool-1-thread-1:h	j
pool-1-thread-1:j	k
pool-1-thread-1:l	z
pool-1-thread-1:t	r
pool-1-thread-1:u	io
pool-1-thread-1:p	v
pool-1-thread-4:1	5
pool-1-thread-2:1	3
pool-1-thread-3:1	4
pool-1-thread-2:1	3
pool-1-thread-2:1	5
pool-1-thread-2:1	6
pool-1-thread-2:1	7
pool-1-thread-2:1	8
pool-1-thread-2:1	9
pool-1-thread-2:a	s
pool-1-thread-2:s	d
pool-1-thread-2:d	f
pool-1-thread-2:f	g
pool-1-thread-2:g	h
pool-1-thread-2:h	j
pool-1-thread-2:j	k
pool-1-thread-2:l	z
pool-1-thread-2:t	r
pool-1-thread-2:u	io
pool-1-thread-2:p	v
pool-1-thread-3:1	4
pool-1-thread-1:1	1
pool-1-thread-1:1	1
pool-1-thread-5:f	g
pool-1-thread-5:g	h
pool-1-thread-5:h	j
pool-1-thread-5:j	k
pool-1-thread-5:l	z
pool-1-thread-5:t	r
pool-1-thread-5:u	io
pool-1-thread-5:p	v
pool-1-thread-5:1	3
pool-1-thread-5:1	4
pool-1-thread-5:1	5
pool-1-thread-5:1	6
pool-1-thread-5:1	7
pool-1-thread-5:1	8
pool-1-thread-5:1	9
pool-1-thread-4:d	f
pool-1-thread-3:s	d
pool-1-thread-2:a	s
pool-1-thread-1:1	1
pool-1-thread-2:a	s
pool-1-thread-2:g	h
pool-1-thread-2:h	j
pool-1-thread-2:j	k
pool-1-thread-2:l	z
pool-1-thread-2:t	r
pool-1-thread-2:u	io
pool-1-thread-2:p	v
pool-1-thread-2:1	3
pool-1-thread-2:1	4
pool-1-thread-2:1	5
pool-1-thread-2:1	6
pool-1-thread-2:1	7
pool-1-thread-2:1	8
pool-1-thread-2:1	9
pool-1-thread-5:f	g
pool-1-thread-4:d	f
pool-1-thread-3:s	d
pool-1-thread-1:1	1
pool-1-thread-4:1	5
pool-1-thread-4:1	6
pool-1-thread-4:1	7
pool-1-thread-4:1	8
pool-1-thread-4:1	9
pool-1-thread-3:1	4
pool-1-thread-2:1	3
pool-1-thread-4:a	s
pool-1-thread-4:s	d
pool-1-thread-4:d	f
pool-1-thread-4:f	g
pool-1-thread-4:g	h
pool-1-thread-1:l	z
pool-1-thread-2:j	k
pool-1-thread-3:h	j
pool-1-thread-4:t	r
pool-1-thread-4:u	io
pool-1-thread-2:p	v
pool-1-thread-1:1	1
pool-1-thread-4:1	5
pool-1-thread-3:1	4
pool-1-thread-2:1	3
pool-1-thread-1:1	1
pool-1-thread-2:1	3
pool-1-thread-3:1	4
pool-1-thread-4:1	5
pool-1-thread-5:1	6
pool-1-thread-1:1	1
pool-1-thread-2:1	3
pool-1-thread-3:1	4
pool-1-thread-4:1	5
pool-1-thread-5:1	6
pool-1-thread-1:1	1
pool-1-thread-2:1	3
pool-1-thread-3:1	4
pool-1-thread-4:1	5
pool-1-thread-5:1	6
pool-1-thread-1:1	1
pool-1-thread-4:1	5
pool-1-thread-3:1	4
pool-1-thread-2:1	3
pool-1-thread-5:1	6
pool-1-thread-1:1	1
pool-1-thread-2:1	3
pool-1-thread-3:1	4
pool-1-thread-4:1	5
pool-1-thread-5:1	6
pool-1-thread-1:1	1
pool-1-thread-2:1	3
pool-1-thread-3:1	4
pool-1-thread-4:1	5
pool-1-thread-5: interrupted unexpectedly.
pool-1-thread-5:1	6
pool-1-thread-1:1	1
pool-1-thread-2:1	3
pool-1-thread-3:1	4
pool-1-thread-4:1	5
pool-1-thread-5:1	6
pool-1-thread-1:1	1
pool-1-thread-2:1	3
pool-1-thread-3:1	4
pool-1-thread-4:1	5
pool-1-thread-5:1	6
pool-1-thread-1:1	1
pool-1-thread-2:1	3
pool-1-thread-3:1	4
pool-1-thread-4:1	5
pool-1-thread-5:1	6
pool-1-thread-1:1	1
pool-1-thread-2:1	3
pool-1-thread-3:1	4
pool-1-thread-4:1	5
pool-1-thread-5:1	6
pool-1-thread-1:1	1
pool-1-thread-2:1	3
pool-1-thread-3:1	4
pool-1-thread-4:1	5
pool-1-thread-5:1	6
pool-1-thread-1:1	1
pool-1-thread-5:1	6
pool-1-thread-3:1	4
pool-1-thread-2:1	3
pool-1-thread-4:1	5
pool-1-thread-1:1	1
pool-1-thread-2:1	3
pool-1-thread-3:1	4
pool-1-thread-4:1	5
pool-1-thread-1:1	1
pool-1-thread-2:1	3
pool-1-thread-3:1	4
pool-1-thread-4:1	5
pool-1-thread-1:1	6
pool-1-thread-2:1	7
pool-1-thread-3:1	8
pool-1-thread-4:1	9
pool-1-thread-1:a	s
pool-1-thread-2:s	d
pool-1-thread-3:d	f
pool-1-thread-4:f	g
pool-1-thread-1:g	h
pool-1-thread-2:h	j
pool-1-thread-3:j	k
pool-1-thread-4:l	z
pool-1-thread-1:t	r
pool-1-thread-2:u	io
pool-1-thread-3:p	v
pool-1-thread-2:1	3
pool-1-thread-2:1	4
pool-1-thread-2:1	5
pool-1-thread-2:1	6
pool-1-thread-2:1	7
pool-1-thread-2:1	8
pool-1-thread-2:1	9
pool-1-thread-2:a	s
pool-1-thread-2:s	d
pool-1-thread-2:d	f
pool-1-thread-2:f	g
pool-1-thread-2:g	h
pool-1-thread-2:h	j
pool-1-thread-2:j	k
pool-1-thread-2:l	z
pool-1-thread-2:t	r
pool-1-thread-2:u	io
pool-1-thread-2:p	v
pool-1-thread-1:1	1
pool-1-thread-1:1	1
pool-1-thread-2:1	3
pool-1-thread-3:1	4
pool-1-thread-4:1	5
pool-1-thread-1:1	6
pool-1-thread-2:1	7
pool-1-thread-3:1	8
pool-1-thread-4:1	9
pool-1-thread-1:a	s
pool-1-thread-2:s	d
pool-1-thread-3:d	f
pool-1-thread-4:f	g
pool-1-thread-1:g	h
pool-1-thread-2:h	j
pool-1-thread-3:j	k
pool-1-thread-4:l	z
pool-1-thread-1:t	r
pool-1-thread-2:u	io
pool-1-thread-3:p	v
pool-1-thread-1:1	1
pool-1-thread-2:1	3
pool-1-thread-3:1	4
pool-1-thread-4:1	5
pool-1-thread-3:1	6
pool-1-thread-3:1	7
pool-1-thread-2:1	8
pool-1-thread-3:1	9
pool-1-thread-3:a	s
pool-1-thread-3:s	d
pool-1-thread-2:d	f
pool-1-thread-2:f	g
pool-1-thread-2:g	h
pool-1-thread-1:h	j
pool-1-thread-4:j	k
pool-1-thread-3:l	z
pool-1-thread-4:t	r
pool-1-thread-4:u	io
pool-1-thread-1:p	v
pool-1-thread-1:1	1
pool-1-thread-2:1	3
pool-1-thread-3:1	4
pool-1-thread-4:1	5
pool-1-thread-3:1	6
pool-1-thread-3:1	7
pool-1-thread-3:1	8
pool-1-thread-3:1	9
pool-1-thread-2:s	d
pool-1-thread-2:d	f
pool-1-thread-2:f	g
pool-1-thread-2:g	h
pool-1-thread-2:h	j
pool-1-thread-2:j	k
pool-1-thread-4:t	r
pool-1-thread-1:l	z
pool-1-thread-3:a	s
pool-1-thread-4:p	v
pool-1-thread-2:u	io
pool-1-thread-1:1	1
pool-1-thread-2:1	3
pool-1-thread-3:1	4
pool-1-thread-4:1	5
pool-1-thread-3:1	6
pool-1-thread-2:1	7
pool-1-thread-2:1	9
pool-1-thread-3:1	8
pool-1-thread-4:d	f
pool-1-thread-2:a	s
pool-1-thread-1:s	d
pool-1-thread-2:h	j
pool-1-thread-4:g	h
pool-1-thread-3:f	g
pool-1-thread-3:t	r
pool-1-thread-2:l	z
pool-1-thread-1:j	k
pool-1-thread-4:p	v
pool-1-thread-3:u	io
pool-1-thread-1:1	1
pool-1-thread-2:1	3
pool-1-thread-3:1	4
pool-1-thread-4:1	5
pool-1-thread-3: interrupted unexpectedly.
pool-1-thread-3:1	6
pool-1-thread-3:1	7
pool-1-thread-3:1	8
pool-1-thread-3:1	9
pool-1-thread-3:a	s
pool-1-thread-4: interrupted unexpectedly.
pool-1-thread-4:s	d
pool-1-thread-4:d	f
pool-1-thread-4:f	g
pool-1-thread-4:g	h
pool-1-thread-1: interrupted unexpectedly.
pool-1-thread-1:h	j
pool-1-thread-1:j	k
pool-1-thread-1:l	z
pool-1-thread-3:t	r
pool-1-thread-4:u	io
pool-1-thread-2: interrupted unexpectedly.
pool-1-thread-2:p	v
pool-1-thread-1:1	1
pool-1-thread-2:1	3
pool-1-thread-3:1	4
pool-1-thread-4:1	5
pool-1-thread-2:1	6
pool-1-thread-3:1	7
pool-1-thread-3:1	9
pool-1-thread-2:1	8
pool-1-thread-4:s	d
pool-1-thread-3:a	s
pool-1-thread-3:g	h
pool-1-thread-4:f	g
pool-1-thread-2:d	f
pool-1-thread-2:l	z
pool-1-thread-2:t	r
pool-1-thread-4:u	io
pool-1-thread-1:j	k
pool-1-thread-3:h	j
pool-1-thread-2:p	v
pool-1-thread-1:1	1
pool-1-thread-2:1	3
pool-1-thread-3:1	4
pool-1-thread-4:1	5
pool-1-thread-2:1	6
pool-1-thread-4:1	8
pool-1-thread-3:1	7
pool-1-thread-3:a	s
pool-1-thread-3:s	d
pool-1-thread-3:d	f
pool-1-thread-3:f	g
pool-1-thread-3:g	h
pool-1-thread-3:h	j
pool-1-thread-1:1	9
pool-1-thread-4:t	r
pool-1-thread-2:l	z
pool-1-thread-3:j	k
pool-1-thread-4:p	v
pool-1-thread-1:u	io
pool-1-thread-1:1	1
pool-1-thread-2:1	3
pool-1-thread-3:1	4
pool-1-thread-4:1	5
pool-1-thread-3:1	6
pool-1-thread-3:1	7
pool-1-thread-3:1	8
pool-1-thread-2:1	9
pool-1-thread-4:a	s
pool-1-thread-4:d	f
pool-1-thread-2:s	d
pool-1-thread-3:f	g
pool-1-thread-1:j	k
pool-1-thread-4:h	j
pool-1-thread-2:g	h
pool-1-thread-4:u	io
pool-1-thread-1:t	r
pool-1-thread-3:l	z
pool-1-thread-2:p	v
pool-1-thread-1:1	1
pool-1-thread-2:1	3
pool-1-thread-3:1	4
pool-1-thread-4:1	5
pool-1-thread-3:1	6
pool-1-thread-2:1	7
pool-1-thread-2:1	8
pool-1-thread-2:1	9
pool-1-thread-3:a	s
pool-1-thread-3:s	d
pool-1-thread-3:d	f
pool-1-thread-2:f	g
pool-1-thread-1:j	k
pool-1-thread-4:h	j
pool-1-thread-3:g	h
pool-1-thread-4:t	r
pool-1-thread-2:l	z
pool-1-thread-1:p	v
pool-1-thread-3:u	io
pool-1-thread-1:1	1
pool-1-thread-2:1	3
pool-1-thread-3:1	4
pool-1-thread-4:1	5
pool-1-thread-1:1	6
pool-1-thread-2:1	9
pool-1-thread-3:1	8
pool-1-thread-3:a	s
pool-1-thread-3:s	d
pool-1-thread-3:d	f
pool-1-thread-4:1	7
pool-1-thread-2:g	h
pool-1-thread-3:f	g
pool-1-thread-2:h	j
pool-1-thread-1:l	z
pool-1-thread-4:j	k
pool-1-thread-3:p	v
pool-1-thread-1:u	io
pool-1-thread-2:t	r
pool-1-thread-1:1	1
pool-1-thread-2:1	3
pool-1-thread-3:1	4
pool-1-thread-4:1	5
pool-1-thread-3:1	6
pool-1-thread-2:1	7
pool-1-thread-2:1	8
pool-1-thread-3:1	9
pool-1-thread-3:a	s
pool-1-thread-4:s	d
pool-1-thread-4:d	f
pool-1-thread-4:f	g
pool-1-thread-1:g	h
pool-1-thread-1:h	j
pool-1-thread-4:j	k
pool-1-thread-1:t	r
pool-1-thread-2:l	z
pool-1-thread-3:u	io
pool-1-thread-2:p	v
pool-1-thread-1:1	1
pool-1-thread-2:1	3
pool-1-thread-3:1	4
pool-1-thread-4:1	5
pool-1-thread-2:1	6
pool-1-thread-3:1	7
pool-1-thread-2:1	8
pool-1-thread-4:1	9
pool-1-thread-3:a	s
pool-1-thread-2:s	d
pool-1-thread-4:d	f
pool-1-thread-4:f	g
pool-1-thread-2:j	k
pool-1-thread-1:h	j
pool-1-thread-1:l	z
pool-1-thread-1:t	r
pool-1-thread-3:g	h
pool-1-thread-2:u	io
pool-1-thread-4:p	v
pool-1-thread-1:1	1
pool-1-thread-2:1	3
pool-1-thread-3:1	4
pool-1-thread-4:1	5
pool-1-thread-1:1	1
pool-1-thread-2:1	3
pool-1-thread-3:1	4
pool-1-thread-4:1	5
pool-1-thread-1:1	1
pool-1-thread-2:1	3
pool-1-thread-3:1	4
pool-1-thread-4:1	5
pool-1-thread-1:1	1
pool-1-thread-2:1	3
pool-1-thread-3:1	4
pool-1-thread-4:1	5
pool-1-thread-1:1	1
pool-1-thread-2:1	3
pool-1-thread-3:1	4
pool-1-thread-4:1	5
pool-1-thread-1:1	6
pool-1-thread-2:1	7
pool-1-thread-3:1	8
pool-1-thread-4:1	9
pool-1-thread-1:a	s
pool-1-thread-2:s	d
pool-1-thread-3:d	f
pool-1-thread-4:f	g
pool-1-thread-1:g	h
pool-1-thread-2:h	j
pool-1-thread-3:j	k
pool-1-thread-4:l	z
pool-1-thread-1:t	r
pool-1-thread-2:u	io
pool-1-thread-3:p	v
pool-1-thread-1:1	1
pool-1-thread-2:1	3
pool-1-thread-3:1	4
pool-1-thread-4:1	5
pool-1-thread-1:1	1
pool-1-thread-2:1	3
pool-1-thread-3:1	4
pool-1-thread-4:1	5
pool-1-thread-1:1	1
pool-1-thread-2:1	3
pool-1-thread-3:1	4
pool-1-thread-4:1	5
pool-1-thread-2:1	6
pool-1-thread-3:1	7
pool-1-thread-4:1	8
pool-1-thread-2:1	9
pool-1-thread-3:a	s
pool-1-thread-4:s	d
pool-1-thread-2:d	f
pool-1-thread-3:f	g
pool-1-thread-4:g	h
pool-1-thread-2:h	j
pool-1-thread-3:j	k
pool-1-thread-4:l	z
pool-1-thread-2:t	r
pool-1-thread-3:u	io
pool-1-thread-4:p	v
pool-1-thread-1:1	1
pool-1-thread-2:1	3
pool-1-thread-3:1	4
pool-1-thread-4:1	5
pool-1-thread-3:1	6
pool-1-thread-2:1	7
pool-1-thread-2:1	8
pool-1-thread-2:1	9
pool-1-thread-2:a	s
pool-1-thread-2:s	d
pool-1-thread-2:d	f
pool-1-thread-3:f	g
pool-1-thread-3:g	h
pool-1-thread-3:j	k
pool-1-thread-3:t	r
pool-1-thread-3:u	io
pool-1-thread-1:h	j
pool-1-thread-2:p	v
pool-1-thread-4:l	z
pool-1-thread-1:1	1
pool-1-thread-2:1	3
pool-1-thread-3:1	4
pool-1-thread-4:1	5
pool-1-thread-1:1	1
pool-1-thread-2:1	3
pool-1-thread-3:1	4
pool-1-thread-4:1	5
pool-1-thread-3:1	6
pool-1-thread-2:1	7
pool-1-thread-2:1	8
pool-1-thread-2:1	9
pool-1-thread-2:a	s
pool-1-thread-3:s	d
pool-1-thread-3:d	f
pool-1-thread-3:f	g
pool-1-thread-3:h	j
pool-1-thread-4:g	h
pool-1-thread-4:t	r
pool-1-thread-4:u	io
pool-1-thread-4:p	v
pool-1-thread-1:l	z
pool-1-thread-2:j	k
pool-1-thread-1:1	1
pool-1-thread-2:1	3
pool-1-thread-3:1	4
pool-1-thread-4:1	5
pool-1-thread-2:1	6
pool-1-thread-2:a	s
pool-1-thread-1:1	9
pool-1-thread-4:1	8
pool-1-thread-4:s	d
pool-1-thread-3:1	7
pool-1-thread-3:d	f
pool-1-thread-4:g	h
pool-1-thread-4:h	j
pool-1-thread-4:t	r
pool-1-thread-3:f	g
pool-1-thread-3:u	io
pool-1-thread-3:p	v
pool-1-thread-2:l	z
pool-1-thread-1:j	k
pool-1-thread-1:1	1
pool-1-thread-2:1	3
pool-1-thread-3:1	4
pool-1-thread-4:1	5
pool-1-thread-3:1	6
pool-1-thread-2:1	7
pool-1-thread-3:1	8
pool-1-thread-2:1	9
pool-1-thread-2:a	s
pool-1-thread-2:s	d
pool-1-thread-2:d	f
pool-1-thread-1:h	j
pool-1-thread-4:g	h
pool-1-thread-3:f	g
pool-1-thread-3:j	k
pool-1-thread-3:l	z
pool-1-thread-2:t	r
pool-1-thread-2:p	v
pool-1-thread-3:u	io
pool-1-thread-1:1	1
pool-1-thread-2:1	3
pool-1-thread-3:1	4
pool-1-thread-4:1	5
pool-1-thread-3:1	6
pool-1-thread-4:1	7
pool-1-thread-3:1	8
pool-1-thread-3:1	9
pool-1-thread-3:a	s
pool-1-thread-3:s	d
pool-1-thread-4:d	f
pool-1-thread-2:f	g
pool-1-thread-2:j	k
pool-1-thread-2:l	z
pool-1-thread-4:g	h
pool-1-thread-1:h	j
pool-1-thread-4:u	io
pool-1-thread-2:t	r
pool-1-thread-3:p	v
pool-1-thread-1:1	1
pool-1-thread-2:1	3
pool-1-thread-3:1	4
pool-1-thread-4:1	5
pool-1-thread-1:1	1
pool-1-thread-2:1	3
pool-1-thread-3:1	4
pool-1-thread-4:1	5
pool-1-thread-1:1	1
pool-1-thread-2:1	3
pool-1-thread-3:1	4
pool-1-thread-4:1	5
pool-1-thread-4:1	6
pool-1-thread-3:1	8
pool-1-thread-2:1	7
pool-1-thread-3:a	s
pool-1-thread-4:1	9
pool-1-thread-1:f	g
pool-1-thread-3:d	f
pool-1-thread-2:s	d
pool-1-thread-2:j	k
pool-1-thread-2:l	z
pool-1-thread-3:h	j
pool-1-thread-4:g	h
pool-1-thread-3:p	v
pool-1-thread-2:u	io
pool-1-thread-1:t	r
pool-1-thread-1:1	1
pool-1-thread-2:1	3
pool-1-thread-3:1	4
pool-1-thread-4:1	5
pool-1-thread-2:1	6
pool-1-thread-3:1	7
pool-1-thread-3:1	9
pool-1-thread-3:a	s
pool-1-thread-3:s	d
pool-1-thread-3:d	f
pool-1-thread-2:1	8
pool-1-thread-2:g	h
pool-1-thread-2:h	j
pool-1-thread-2:j	k
pool-1-thread-3:f	g
pool-1-thread-4:t	r
pool-1-thread-1:l	z
pool-1-thread-2:p	v
pool-1-thread-3:u	io
pool-1-thread-1:1	1
pool-1-thread-2:1	3
pool-1-thread-3:1	4
pool-1-thread-4:1	5
pool-1-thread-2:1	6
pool-1-thread-2:1	7
pool-1-thread-3:1	8
pool-1-thread-3:1	9
pool-1-thread-3:a	s
pool-1-thread-3:s	d
pool-1-thread-4:d	f
pool-1-thread-4:f	g
pool-1-thread-2:h	j
pool-1-thread-1:g	h
pool-1-thread-3:j	k
pool-1-thread-3:l	z
pool-1-thread-3:t	r
pool-1-thread-2:u	io
pool-1-thread-4:p	v
pool-1-thread-1:1	1
pool-1-thread-2:1	3
pool-1-thread-3:1	4
pool-1-thread-4:1	5
pool-1-thread-3:1	6
pool-1-thread-3:1	7
pool-1-thread-1:1	8
pool-1-thread-2:1	9
pool-1-thread-2:a	s
pool-1-thread-2:s	d
pool-1-thread-2:d	f
pool-1-thread-4:f	g
pool-1-thread-4:g	h
pool-1-thread-4:h	j
pool-1-thread-4:j	k
pool-1-thread-3:l	z
pool-1-thread-1:t	r
pool-1-thread-1:p	v
pool-1-thread-2:u	io
pool-1-thread-1:1	1
pool-1-thread-2:1	3
pool-1-thread-3:1	4
pool-1-thread-4:1	5
pool-1-thread-3:1	6
pool-1-thread-3:1	7
pool-1-thread-3:1	8
pool-1-thread-2:1	9
pool-1-thread-2:a	s
pool-1-thread-2:s	d
pool-1-thread-1:d	f
pool-1-thread-1:f	g
pool-1-thread-1:g	h
pool-1-thread-2:h	j
pool-1-thread-4:l	z
pool-1-thread-4:t	r
pool-1-thread-4:u	io
pool-1-thread-3:j	k
pool-1-thread-3:p	v
pool-1-thread-1:1	1
pool-1-thread-2:1	3
pool-1-thread-3:1	4
pool-1-thread-4:1	5
pool-1-thread-2:1	6
pool-1-thread-2:1	7
pool-1-thread-2:1	8
pool-1-thread-2:1	9
pool-1-thread-3:a	s
pool-1-thread-3:s	d
pool-1-thread-3:d	f
pool-1-thread-1:f	g
pool-1-thread-4:g	h
pool-1-thread-4:h	j
pool-1-thread-4:j	k
pool-1-thread-4:l	z
pool-1-thread-2:t	r
pool-1-thread-2:u	io
pool-1-thread-2:p	v
pool-1-thread-1:1	1
pool-1-thread-2:1	3
pool-1-thread-3:1	4
pool-1-thread-4:1	5
pool-1-thread-3:1	6
pool-1-thread-3:1	7
pool-1-thread-3:1	8
pool-1-thread-4:1	9
pool-1-thread-4:a	s
pool-1-thread-4:s	d
pool-1-thread-4:d	f
pool-1-thread-1:f	g
pool-1-thread-2:g	h
pool-1-thread-2:h	j
pool-1-thread-3:j	k
pool-1-thread-3:l	z
pool-1-thread-1:t	r
pool-1-thread-1:u	io
pool-1-thread-4:p	v
pool-1-thread-1:1	1
pool-1-thread-2:1	3
pool-1-thread-3:1	4
pool-1-thread-4:1	5
pool-1-thread-2:1	6
pool-1-thread-2:1	7
pool-1-thread-3:1	8
pool-1-thread-3:1	9
pool-1-thread-3:a	s
pool-1-thread-4:f	g
pool-1-thread-2:d	f
pool-1-thread-2:g	h
pool-1-thread-2:h	j
pool-1-thread-1:s	d
pool-1-thread-1:t	r
pool-1-thread-4:l	z
pool-1-thread-2:j	k
pool-1-thread-3:p	v
pool-1-thread-1:u	io
pool-1-thread-1:1	1
pool-1-thread-2:1	3
pool-1-thread-3:1	4
pool-1-thread-4:1	5
pool-1-thread-1:1	6
pool-1-thread-3:1	7
pool-1-thread-3:1	8
pool-1-thread-2:1	9
pool-1-thread-1:a	s
pool-1-thread-4:s	d
pool-1-thread-2:d	f
pool-1-thread-4:f	g
pool-1-thread-3:h	j
pool-1-thread-3:j	k
pool-1-thread-4:g	h
pool-1-thread-1:l	z
pool-1-thread-2:t	r
pool-1-thread-3:p	v
pool-1-thread-4:u	io
pool-1-thread-1:1	1
pool-1-thread-2:1	3
pool-1-thread-3:1	4
pool-1-thread-4:1	5
pool-1-thread-3:1	6
pool-1-thread-3:1	7
pool-1-thread-3:1	8
pool-1-thread-3:1	9
pool-1-thread-2:a	s
pool-1-thread-4:d	f
pool-1-thread-4:g	h
pool-1-thread-4:h	j
pool-1-thread-3:s	d
pool-1-thread-1:l	z
pool-1-thread-4:j	k
pool-1-thread-2:f	g
pool-1-thread-2:p	v
pool-1-thread-1:u	io
pool-1-thread-3:t	r
pool-1-thread-1:1	1
pool-1-thread-2:1	3
pool-1-thread-3:1	4
pool-1-thread-4:1	5
pool-1-thread-2:1	6
pool-1-thread-2:1	7
pool-1-thread-2:1	8
pool-1-thread-4:1	9
pool-1-thread-4:a	s
pool-1-thread-4:s	d
pool-1-thread-4:d	f
pool-1-thread-1:h	j
pool-1-thread-2:g	h
pool-1-thread-3:f	g
pool-1-thread-2:l	z
pool-1-thread-1:j	k
pool-1-thread-1:u	io
pool-1-thread-3:t	r
pool-1-thread-1:p	v
pool-1-thread-1:1	1
pool-1-thread-2:1	3
pool-1-thread-3:1	4
pool-1-thread-4:1	5
pool-1-thread-2:1	6
pool-1-thread-2:1	7
pool-1-thread-4:1	8
pool-1-thread-4:1	9
pool-1-thread-4:a	s
pool-1-thread-4:s	d
pool-1-thread-2:d	f
pool-1-thread-2:f	g
pool-1-thread-1:g	h
pool-1-thread-3:h	j
pool-1-thread-3:t	r
pool-1-thread-1:j	k
pool-1-thread-2:l	z
pool-1-thread-4:p	v
pool-1-thread-3:u	io
pool-1-thread-1:1	1
pool-1-thread-2:1	3
pool-1-thread-3:1	4
pool-1-thread-4:1	5
pool-1-thread-2:1	6
pool-1-thread-2:1	7
pool-1-thread-3:1	8
pool-1-thread-3:1	9
pool-1-thread-3:a	s
pool-1-thread-3:s	d
pool-1-thread-1:d	f
pool-1-thread-2:f	g
pool-1-thread-2:g	h
pool-1-thread-2:h	j
pool-1-thread-2:j	k
pool-1-thread-1:l	z
pool-1-thread-3:t	r
pool-1-thread-3:u	io
pool-1-thread-1:p	v
pool-1-thread-1:1	1
pool-1-thread-2:1	3
pool-1-thread-3:1	4
pool-1-thread-4:1	5
pool-1-thread-3:1	6
pool-1-thread-2:1	7
pool-1-thread-2:1	8
pool-1-thread-2:1	9
pool-1-thread-2:a	s
pool-1-thread-3:s	d
pool-1-thread-3:d	f
pool-1-thread-1:f	g
pool-1-thread-4:g	h
pool-1-thread-2:h	j
pool-1-thread-2:j	k
pool-1-thread-2:l	z
pool-1-thread-1:t	r
pool-1-thread-4:p	v
pool-1-thread-3:u	io
pool-1-thread-1:1	1
pool-1-thread-2:1	3
pool-1-thread-3:1	4
pool-1-thread-4:1	5
pool-1-thread-3:1	6
pool-1-thread-2:1	7
pool-1-thread-2:1	8
pool-1-thread-2:1	9
pool-1-thread-3:d	f
pool-1-thread-4:s	d
pool-1-thread-4:f	g
pool-1-thread-1:a	s
pool-1-thread-3:h	j
pool-1-thread-4:g	h
pool-1-thread-1:l	z
pool-1-thread-3:j	k
pool-1-thread-2:u	io
pool-1-thread-2:p	v
pool-1-thread-4:t	r
pool-1-thread-1:1	1
pool-1-thread-2:1	3
pool-1-thread-3:1	4
pool-1-thread-4:1	5
pool-1-thread-2:1	6
pool-1-thread-3:1	7
pool-1-thread-3:1	8
pool-1-thread-2:1	9
pool-1-thread-2:a	s
pool-1-thread-3:s	d
pool-1-thread-3:d	f
pool-1-thread-3:f	g
pool-1-thread-2:g	h
pool-1-thread-4:l	z
pool-1-thread-4:u	io
pool-1-thread-1:j	k
pool-1-thread-3:h	j
pool-1-thread-4:p	v
pool-1-thread-2:t	r
pool-1-thread-1:1	1
pool-1-thread-2:1	3
pool-1-thread-3:1	4
pool-1-thread-4:1	5
pool-1-thread-4:1	6
pool-1-thread-1:1	9
pool-1-thread-3:1	8
pool-1-thread-2:1	7
pool-1-thread-3:a	s
pool-1-thread-3:s	d
pool-1-thread-3:d	f
pool-1-thread-2:f	g
pool-1-thread-2:g	h
pool-1-thread-2:h	j
pool-1-thread-2:j	k
pool-1-thread-3:u	io
pool-1-thread-1:t	r
pool-1-thread-4:l	z
pool-1-thread-1:p	v
pool-1-thread-4:33	44
pool-1-thread-4:33	55
pool-1-thread-4:33	66
pool-1-thread-4:33	11
pool-1-thread-1:1	1
pool-1-thread-2:1	3
pool-1-thread-3:1	4
pool-1-thread-4:1	5
pool-1-thread-1:1	1
pool-1-thread-2:1	3
pool-1-thread-3:1	4
pool-1-thread-4:1	5
pool-1-thread-1:1	6
pool-1-thread-3:1	7
pool-1-thread-3:1	8
pool-1-thread-4:1	9
pool-1-thread-1:a	s
pool-1-thread-2:s	d
pool-1-thread-2:d	f
pool-1-thread-2:f	g
pool-1-thread-2:g	h
pool-1-thread-2:h	j
pool-1-thread-2:j	k
pool-1-thread-3:l	z
pool-1-thread-3:bruce	chen
pool-1-thread-3:33	44
pool-1-thread-1:33	55
pool-1-thread-1:33	66
pool-1-thread-1:33	11
pool-1-thread-4:er	q
pool-1-thread-4:as	ff
pool-1-thread-1:as	dd
pool-1-thread-1:as	cv
pool-1-thread-1:1	1
pool-1-thread-2:1	3
pool-1-thread-3:1	4
pool-1-thread-4:1	5
pool-1-thread-1:1	6
pool-1-thread-4:1	7
pool-1-thread-3:1	9
pool-1-thread-2:s	d
pool-1-thread-1:1	8
pool-1-thread-2:f	g
pool-1-thread-3:d	f
pool-1-thread-4:a	s
pool-1-thread-4:h	j
pool-1-thread-4:j	k
pool-1-thread-1:g	h
pool-1-thread-3:33	55
pool-1-thread-2:33	44
pool-1-thread-4:l	z
pool-1-thread-2:33	11
pool-1-thread-1:33	66
pool-1-thread-2:as	ff
pool-1-thread-4:er	q
pool-1-thread-3:as	cv
pool-1-thread-1:as	dd
pool-1-thread-1:1	1
pool-1-thread-2:1	3
pool-1-thread-3:1	4
pool-1-thread-4:1	5
pool-1-thread-3:1	6
pool-1-thread-3:1	7
pool-1-thread-3:1	8
pool-1-thread-2:1	9
pool-1-thread-2:a	s
pool-1-thread-2:s	d
pool-1-thread-2:d	f
pool-1-thread-3:h	j
pool-1-thread-1:f	g
pool-1-thread-1:j	k
pool-1-thread-4:g	h
pool-1-thread-4:l	z
pool-1-thread-1:33	44
pool-1-thread-1:33	55
pool-1-thread-1:33	66
pool-1-thread-4:33	11
pool-1-thread-4:er	q
pool-1-thread-2:as	ff
pool-1-thread-3:as	dd
pool-1-thread-3:as	cv
pool-1-thread-1:1	1
pool-1-thread-2:1	3
pool-1-thread-3:1	4
pool-1-thread-4:1	5
pool-1-thread-4:1	6
pool-1-thread-4:1	7
pool-1-thread-3:1	8
pool-1-thread-3:1	9
pool-1-thread-4:a	s
pool-1-thread-2:s	d
pool-1-thread-2:g	h
pool-1-thread-4:d	f
pool-1-thread-3:f	g
pool-1-thread-4:j	k
pool-1-thread-1:h	j
pool-1-thread-3:33	44
pool-1-thread-4:l	z
pool-1-thread-1:33	55
pool-1-thread-2:33	66
pool-1-thread-3:33	11
pool-1-thread-3:er	q
pool-1-thread-4:as	ff
pool-1-thread-2:as	dd
pool-1-thread-2:as	cv
pool-1-thread-1:1	1
pool-1-thread-3:1	4
pool-1-thread-2:1	3
pool-1-thread-4:1	5
pool-1-thread-3:1	6
pool-1-thread-2:1	7
pool-1-thread-2:1	8
pool-1-thread-2:1	9
pool-1-thread-2:a	s
pool-1-thread-2:s	d
pool-1-thread-2:d	f
pool-1-thread-2:f	g
pool-1-thread-3:g	h
pool-1-thread-3:h	j
pool-1-thread-3:j	k
pool-1-thread-4:l	z
pool-1-thread-1:33	44
pool-1-thread-3:33	55
pool-1-thread-1:33	66
pool-1-thread-4:33	11
pool-1-thread-4:er	q
pool-1-thread-4:as	ff
pool-1-thread-1:as	cv
pool-1-thread-3:as	dd
pool-1-thread-3:u	io
pool-1-thread-3:p	v
pool-1-thread-4:t	r
pool-1-thread-1:case	point
pool-1-thread-3:case	point
pool-1-thread-2:case	point
pool-1-thread-2:linwei	chen
pool-1-thread-1:case	point
pool-1-thread-4:case	point
pool-1-thread-3:case	point
pool-1-thread-1:1	1
pool-1-thread-2:1	3
pool-1-thread-3:1	4
pool-1-thread-4:1	5
pool-1-thread-3:1	6
pool-1-thread-3:1	7
pool-1-thread-1:1	8
pool-1-thread-1:1	9
pool-1-thread-1:a	s
pool-1-thread-2:s	d
pool-1-thread-3:f	g
pool-1-thread-4:d	f
pool-1-thread-4:h	j
pool-1-thread-4:j	k
pool-1-thread-2:g	h
pool-1-thread-3:l	z
pool-1-thread-3:33	55
pool-1-thread-3:33	66
pool-1-thread-2:33	44
pool-1-thread-1:33	11
pool-1-thread-1:as	ff
pool-1-thread-1:as	dd
pool-1-thread-4:er	q
pool-1-thread-4:as	cv
pool-1-thread-3:t	r
pool-1-thread-2:u	io
pool-1-thread-2:p	v
pool-1-thread-2:case	point
pool-1-thread-1:case	point
pool-1-thread-1:case	point
pool-1-thread-1:case	point
pool-1-thread-4:case	point
pool-1-thread-4:case	point
pool-1-thread-3:linwei	chen
